D:\WORKSPACE\MYTESTGAME\LWF\PROJECT.WIN32\DEBUG.WIN32\LIBLWF.PCH
D:\WORKSPACE\MYTESTGAME\LWF\PROJECT.WIN32\DEBUG.WIN32\STDAFX.OBJ
D:\WORKSPACE\MYTESTGAME\LWF\PROJECT.WIN32\DEBUG.WIN32\VC110.PDB
D:\WORKSPACE\MYTESTGAME\LWF\PROJECT.WIN32\DEBUG.WIN32\LWF_INPUT.OBJ
D:\WORKSPACE\MYTESTGAME\LWF\PROJECT.WIN32\DEBUG.WIN32\LWF_GRAPHIC.OBJ
D:\WORKSPACE\MYTESTGAME\LWF\PROJECT.WIN32\DEBUG.WIN32\LWF_FORMAT.OBJ
D:\WORKSPACE\MYTESTGAME\LWF\PROJECT.WIN32\DEBUG.WIN32\LWF_EVENTMOVIE.OBJ
D:\WORKSPACE\MYTESTGAME\LWF\PROJECT.WIN32\DEBUG.WIN32\LWF_EVENTBUTTON.OBJ
D:\WORKSPACE\MYTESTGAME\LWF\PROJECT.WIN32\DEBUG.WIN32\LWF_EVENT.OBJ
D:\WORKSPACE\MYTESTGAME\LWF\PROJECT.WIN32\DEBUG.WIN32\LWF_DATA.OBJ
D:\WORKSPACE\MYTESTGAME\LWF\PROJECT.WIN32\DEBUG.WIN32\LWF_COREDATA.OBJ
D:\WORKSPACE\MYTESTGAME\LWF\PROJECT.WIN32\DEBUG.WIN32\LWF_CORE.OBJ
D:\WORKSPACE\MYTESTGAME\LWF\PROJECT.WIN32\DEBUG.WIN32\LWF_BUTTON.OBJ
D:\WORKSPACE\MYTESTGAME\LWF\PROJECT.WIN32\DEBUG.WIN32\LWF_BITMAPEX.OBJ
D:\WORKSPACE\MYTESTGAME\LWF\PROJECT.WIN32\DEBUG.WIN32\LWF_BITMAP.OBJ
D:\WORKSPACE\MYTESTGAME\LWF\PROJECT.WIN32\DEBUG.WIN32\LWF_ANIMATION.OBJ
D:\WORKSPACE\MYTESTGAME\LWF\PROJECT.WIN32\DEBUG.WIN32\LWF_COCOS2DX_TEXTTTF.OBJ
D:\WORKSPACE\MYTESTGAME\LWF\PROJECT.WIN32\DEBUG.WIN32\LWF_COCOS2DX_TEXTBMFONT.OBJ
D:\WORKSPACE\MYTESTGAME\LWF\PROJECT.WIN32\DEBUG.WIN32\LWF_COCOS2DX_RESOURCECACHE.OBJ
D:\WORKSPACE\MYTESTGAME\LWF\PROJECT.WIN32\DEBUG.WIN32\LWF_COCOS2DX_PARTICLE.OBJ
D:\WORKSPACE\MYTESTGAME\LWF\PROJECT.WIN32\DEBUG.WIN32\LWF_COCOS2DX_NODE.OBJ
D:\WORKSPACE\MYTESTGAME\LWF\PROJECT.WIN32\DEBUG.WIN32\LWF_COCOS2DX_FACTORY.OBJ
D:\WORKSPACE\MYTESTGAME\LWF\PROJECT.WIN32\DEBUG.WIN32\LWF_COCOS2DX_BITMAP.OBJ
D:\WORKSPACE\MYTESTGAME\LWF\PROJECT.WIN32\DEBUG.WIN32\LWF_UTILITY.OBJ
D:\WORKSPACE\MYTESTGAME\LWF\PROJECT.WIN32\DEBUG.WIN32\LWF_TEXT.OBJ
D:\WORKSPACE\MYTESTGAME\LWF\PROJECT.WIN32\DEBUG.WIN32\LWF_PROPERTY.OBJ
D:\WORKSPACE\MYTESTGAME\LWF\PROJECT.WIN32\DEBUG.WIN32\LWF_PROGRAMOBJ.OBJ
D:\WORKSPACE\MYTESTGAME\LWF\PROJECT.WIN32\DEBUG.WIN32\LWF_PARTICLE.OBJ
D:\WORKSPACE\MYTESTGAME\LWF\PROJECT.WIN32\DEBUG.WIN32\LWF_OBJECT.OBJ
D:\WORKSPACE\MYTESTGAME\LWF\PROJECT.WIN32\DEBUG.WIN32\LWF_MOVIEPROP.OBJ
D:\WORKSPACE\MYTESTGAME\LWF\PROJECT.WIN32\DEBUG.WIN32\LWF_MOVIEOP.OBJ
D:\WORKSPACE\MYTESTGAME\LWF\PROJECT.WIN32\DEBUG.WIN32\LWF_MOVIEAT.OBJ
D:\WORKSPACE\MYTESTGAME\LWF\PROJECT.WIN32\DEBUG.WIN32\LWF_MOVIE.OBJ
D:\WORKSPACE\MYTESTGAME\LWF\PROJECT.WIN32\DEBUG.WIN32\LWF_LWFCONTAINER.OBJ
D:\WORKSPACE\MYTESTGAME\LWF\PROJECT.WIN32\DEBUG.WIN32\LWF_IOBJECT.OBJ
D:\WORKSPACE\MYTESTGAME\LWF\PROJECT.WIN32\DEBUG.WIN32\LZMADEC.OBJ
D:\WORKSPACE\MYTESTGAME\LWF\PROJECT.WIN32\DEBUG.WIN32\ALLOC.OBJ
D:\WORKSPACE\MYTESTGAME\PROJ.WIN32\DEBUG.WIN32\LIBLWF.LIB
D:\workspace\MyTestGame\lwf\project.win32\Debug.win32\Alloc.obj
D:\workspace\MyTestGame\lwf\project.win32\Debug.win32\lwf_animation.obj
D:\workspace\MyTestGame\lwf\project.win32\Debug.win32\lwf_bitmap.obj
D:\workspace\MyTestGame\lwf\project.win32\Debug.win32\lwf_bitmapex.obj
D:\workspace\MyTestGame\lwf\project.win32\Debug.win32\lwf_button.obj
D:\workspace\MyTestGame\lwf\project.win32\Debug.win32\lwf_cocos2dx_bitmap.obj
D:\workspace\MyTestGame\lwf\project.win32\Debug.win32\lwf_cocos2dx_factory.obj
D:\workspace\MyTestGame\lwf\project.win32\Debug.win32\lwf_cocos2dx_node.obj
D:\workspace\MyTestGame\lwf\project.win32\Debug.win32\lwf_cocos2dx_particle.obj
D:\workspace\MyTestGame\lwf\project.win32\Debug.win32\lwf_cocos2dx_resourcecache.obj
D:\workspace\MyTestGame\lwf\project.win32\Debug.win32\lwf_cocos2dx_textbmfont.obj
D:\workspace\MyTestGame\lwf\project.win32\Debug.win32\lwf_cocos2dx_textttf.obj
D:\workspace\MyTestGame\lwf\project.win32\Debug.win32\lwf_core.obj
D:\workspace\MyTestGame\lwf\project.win32\Debug.win32\lwf_coredata.obj
D:\workspace\MyTestGame\lwf\project.win32\Debug.win32\lwf_data.obj
D:\workspace\MyTestGame\lwf\project.win32\Debug.win32\lwf_event.obj
D:\workspace\MyTestGame\lwf\project.win32\Debug.win32\lwf_eventbutton.obj
D:\workspace\MyTestGame\lwf\project.win32\Debug.win32\lwf_eventmovie.obj
D:\workspace\MyTestGame\lwf\project.win32\Debug.win32\lwf_format.obj
D:\workspace\MyTestGame\lwf\project.win32\Debug.win32\lwf_graphic.obj
D:\workspace\MyTestGame\lwf\project.win32\Debug.win32\lwf_input.obj
D:\workspace\MyTestGame\lwf\project.win32\Debug.win32\lwf_iobject.obj
D:\workspace\MyTestGame\lwf\project.win32\Debug.win32\lwf_lwfcontainer.obj
D:\workspace\MyTestGame\lwf\project.win32\Debug.win32\lwf_movie.obj
D:\workspace\MyTestGame\lwf\project.win32\Debug.win32\lwf_movieat.obj
D:\workspace\MyTestGame\lwf\project.win32\Debug.win32\lwf_movieop.obj
D:\workspace\MyTestGame\lwf\project.win32\Debug.win32\lwf_movieprop.obj
D:\workspace\MyTestGame\lwf\project.win32\Debug.win32\lwf_object.obj
D:\workspace\MyTestGame\lwf\project.win32\Debug.win32\lwf_particle.obj
D:\workspace\MyTestGame\lwf\project.win32\Debug.win32\lwf_programobj.obj
D:\workspace\MyTestGame\lwf\project.win32\Debug.win32\lwf_property.obj
D:\workspace\MyTestGame\lwf\project.win32\Debug.win32\lwf_text.obj
D:\workspace\MyTestGame\lwf\project.win32\Debug.win32\lwf_utility.obj
D:\workspace\MyTestGame\lwf\project.win32\Debug.win32\LzmaDec.obj
D:\workspace\MyTestGame\lwf\project.win32\Debug.win32\stdafx.obj
D:\workspace\MyTestGame\lwf\project.win32\Debug.win32\cl.command.1.tlog
D:\workspace\MyTestGame\lwf\project.win32\Debug.win32\CL.read.1.tlog
D:\workspace\MyTestGame\lwf\project.win32\Debug.win32\CL.write.1.tlog
D:\workspace\MyTestGame\lwf\project.win32\Debug.win32\Lib-link.read.1.tlog
D:\workspace\MyTestGame\lwf\project.win32\Debug.win32\Lib-link.write.1.tlog
D:\workspace\MyTestGame\lwf\project.win32\Debug.win32\lib.command.1.tlog
D:\workspace\MyTestGame\lwf\project.win32\Debug.win32\libLwf.pch
D:\workspace\MyTestGame\lwf\project.win32\Debug.win32\vc110.idb
D:\workspace\MyTestGame\lwf\project.win32\Debug.win32\vc110.pdb
D:\workspace\MyTestGame\proj.win32\Debug.win32\libLwf.lib
